\BOOKMARK [0][-]{chapter*.8}{Glossar}{}% 1
\BOOKMARK [0][-]{chapter.1}{Einleitung}{}% 2
\BOOKMARK [1][-]{section.1.1}{Wie beginnt man?}{chapter.1}% 3
\BOOKMARK [1][-]{section.1.2}{Aufbau der Index Datei}{chapter.1}% 4
\BOOKMARK [0][-]{chapter.2}{Drucken der Arbeit}{}% 5
\BOOKMARK [1][-]{section.2.1}{Drucken}{chapter.2}% 6
\BOOKMARK [2][-]{subsection.2.1.1}{Drucker und Papier}{section.2.1}% 7
\BOOKMARK [2][-]{subsection.2.1.2}{Druckgr\366\337e}{section.2.1}% 8
\BOOKMARK [1][-]{section.2.2}{Binden}{chapter.2}% 9
\BOOKMARK [1][-]{section.2.3}{Elektronische Datentr\344ger \(CD-R, DVD\)}{chapter.2}% 10
\BOOKMARK [0][-]{chapter.3}{Mathem. Formeln etc.}{}% 11
\BOOKMARK [1][-]{section.3.1}{Mathematische Elemente im Flie\337text}{chapter.3}% 12
\BOOKMARK [1][-]{section.3.2}{Freigestellte Ausdr\374cke}{chapter.3}% 13
\BOOKMARK [2][-]{subsection.3.2.1}{Einfache Gleichungen}{section.3.2}% 14
\BOOKMARK [2][-]{subsection.3.2.2}{Mehrzeilige Gleichungen}{section.3.2}% 15
\BOOKMARK [2][-]{subsection.3.2.3}{Fallunterscheidungen}{section.3.2}% 16
\BOOKMARK [2][-]{subsection.3.2.4}{Gleichungen mit Matrizen}{section.3.2}% 17
\BOOKMARK [2][-]{subsection.3.2.5}{Verweise auf Gleichungen}{section.3.2}% 18
\BOOKMARK [1][-]{section.3.3}{Spezielle Symbole}{chapter.3}% 19
\BOOKMARK [2][-]{subsection.3.3.1}{Zahlenmengen}{section.3.3}% 20
\BOOKMARK [2][-]{subsection.3.3.2}{Operatoren}{section.3.3}% 21
\BOOKMARK [2][-]{subsection.3.3.3}{Variable \(Symbole\) mit mehreren Zeichen}{section.3.3}% 22
\BOOKMARK [2][-]{subsection.3.3.4}{Funktionen}{section.3.3}% 23
\BOOKMARK [2][-]{subsection.3.3.5}{Ma\337einheiten und W\344hrungen}{section.3.3}% 24
\BOOKMARK [2][-]{subsection.3.3.6}{Kommas in Dezimalzahlen \(Mathematik-Modus\)}{section.3.3}% 25
\BOOKMARK [2][-]{subsection.3.3.7}{Mathematische Werkzeuge}{section.3.3}% 26
\BOOKMARK [0][-]{chapter*.10}{Abbildungsverzeichnis}{}% 27
\BOOKMARK [0][-]{chapter*.11}{Tabellenverzeichnis}{}% 28
\BOOKMARK [0][-]{chapter*.12}{Listings}{}% 29
\BOOKMARK [0][-]{chapter*.13}{Literaturverzeichnis}{}% 30
\BOOKMARK [0][-]{appendix.A}{ToDo Liste}{}% 31
